#
# A fatal error has been detected by the Java Runtime Environment:
#
#  EXCEPTION_ACCESS_VIOLATION (0xc0000005) at pc=0x15fbcb77, pid=10408, tid=0x000008f0
#
# JRE version: Java(TM) SE Runtime Environment (8.0_151-b12) (build 1.8.0_151-b12)
# Java VM: Java HotSpot(TM) Client VM (25.151-b12 mixed mode windows-x86 )
# Problematic frame:
# C  0x15fbcb77
#
# Failed to write core dump. Minidumps are not enabled by default on client versions of Windows
#
# If you would like to submit a bug report, please visit:
#   http://bugreport.java.com/bugreport/crash.jsp
# The crash happened outside the Java Virtual Machine in native code.
# See problematic frame for where to report the bug.
#

---------------  T H R E A D  ---------------

Current thread (0x157b8000):  JavaThread "HIDCommandExecutionQueue.executor pool-7-thread-1" daemon [_thread_in_native, id=2288, stack(0x16740000,0x16790000)]

siginfo: ExceptionCode=0xc0000005, ExceptionInformation=0x00000008 0x15fbcb77

Registers:
EAX=0x00000001, EBX=0x00000000, ECX=0x773b3ecc, EDX=0x1678ee24
ESP=0x1678eea8, EBP=0x1678eea8, ESI=0x00000000, EDI=0x1678efc0
EIP=0x15fbcb77, EFLAGS=0x00010202

Top of Stack: (sp=0x1678eea8)
0x1678eea8:   1678eee8 15fbc7c2 15fbc5a0 1678eed0
0x1678eeb8:   00000014 00000001 1678f1e4 773b3e73
0x1678eec8:   00000000 15fb134b 1678f180 1678f1e4
0x1678eed8:   1678ef10 1678ef40 1678ef40 00000005
0x1678eee8:   1678f1c8 15fb4561 1678f180 773b3e73
0x1678eef8:   1678f1e4 1678ef10 1678ef40 157b8000
0x1678ef08:   1678ef38 6c471e55 1678efc0 1678efc8
0x1678ef18:   1678efd0 1678efd8 1678efe0 00000100 

Instructions: (pc=0x15fbcb77)
0x15fbcb57:   
[error occurred during error reporting (printing registers, top of stack, instructions near pc), id 0xc0000005]

Register to memory mapping:

EAX=0x00000001 is an unknown value
EBX=0x00000000 is an unknown value
ECX=0x773b3ecc is an unknown value
EDX=0x1678ee24 is pointing into the stack for thread: 0x157b8000
ESP=0x1678eea8 is pointing into the stack for thread: 0x157b8000
EBP=0x1678eea8 is pointing into the stack for thread: 0x157b8000
ESI=0x00000000 is an unknown value
EDI=0x1678efc0 is pointing into the stack for thread: 0x157b8000


Stack: [0x16740000,0x16790000],  sp=0x1678eea8,  free space=315k
Native frames: (J=compiled Java code, j=interpreted, Vv=VM code, C=native code)
C  0x15fbcb77
C  0x15fbc7c2
C  0x15fb4561
C  0x15fb4d2e
j  com.sun.jna.Function.invokeInt(I[Ljava/lang/Object;)I+0
j  com.sun.jna.Function.invoke([Ljava/lang/Object;Ljava/lang/Class;Z)Ljava/lang/Object;+92
J 382 C1 com.sun.jna.Function.invoke(Ljava/lang/Class;[Ljava/lang/Object;Ljava/util/Map;)Ljava/lang/Object; (526 bytes) @ 0x028af8bc [0x028af430+0x48c]
j  com.sun.jna.Library$Handler.invoke(Ljava/lang/Object;Ljava/lang/reflect/Method;[Ljava/lang/Object;)Ljava/lang/Object;+341
j  com.sun.proxy.$Proxy2.ReadFile(Lcom/sun/jna/ptr/PointerByReference;[BILcom/sun/jna/ptr/IntByReference;Lcom/sun/jna/ptr/IntByReference;)Z+37
j  edu.cmu.ri.createlab.usb.hid.windows.WindowsHIDDevice.read()[B+69
j  edu.cmu.ri.createlab.usb.hid.CreateLabHIDCommandStrategy.execute(Ledu/cmu/ri/createlab/usb/hid/HIDDevice;)Ledu/cmu/ri/createlab/usb/hid/HIDCommandResponse;+138
j  edu.cmu.ri.createlab.usb.hid.CreateLabHIDCommandStrategy.execute(Ljava/lang/Object;)Ledu/cmu/ri/createlab/util/commandexecution/CommandResponse;+5
j  edu.cmu.ri.createlab.usb.hid.HIDCommand.call()Ledu/cmu/ri/createlab/usb/hid/HIDCommandResponse;+8
j  edu.cmu.ri.createlab.usb.hid.HIDCommand.call()Ljava/lang/Object;+1
j  java.util.concurrent.FutureTask.run()V+42
j  java.util.concurrent.ThreadPoolExecutor.runWorker(Ljava/util/concurrent/ThreadPoolExecutor$Worker;)V+95
j  java.util.concurrent.ThreadPoolExecutor$Worker.run()V+5
j  java.lang.Thread.run()V+11
v  ~StubRoutines::call_stub
V  [jvm.dll+0x15ad95]
V  [jvm.dll+0x22115e]
V  [jvm.dll+0x15ae2e]
V  [jvm.dll+0x15afb6]
V  [jvm.dll+0x15b027]
V  [jvm.dll+0xff36f]
V  [jvm.dll+0x17da50]
V  [jvm.dll+0x17e2ca]
V  [jvm.dll+0x1c2cb6]
C  [msvcr100.dll+0x5c556]
C  [msvcr100.dll+0x5c600]
C  [kernel32.dll+0x1336a]
C  [ntdll.dll+0x398f2]
C  [ntdll.dll+0x398c5]
C  0x00000000

Java frames: (J=compiled Java code, j=interpreted, Vv=VM code)
j  com.sun.jna.Function.invokeInt(I[Ljava/lang/Object;)I+0
j  com.sun.jna.Function.invoke([Ljava/lang/Object;Ljava/lang/Class;Z)Ljava/lang/Object;+92
J 382 C1 com.sun.jna.Function.invoke(Ljava/lang/Class;[Ljava/lang/Object;Ljava/util/Map;)Ljava/lang/Object; (526 bytes) @ 0x028af8bc [0x028af430+0x48c]
j  com.sun.jna.Library$Handler.invoke(Ljava/lang/Object;Ljava/lang/reflect/Method;[Ljava/lang/Object;)Ljava/lang/Object;+341
j  com.sun.proxy.$Proxy2.ReadFile(Lcom/sun/jna/ptr/PointerByReference;[BILcom/sun/jna/ptr/IntByReference;Lcom/sun/jna/ptr/IntByReference;)Z+37
j  edu.cmu.ri.createlab.usb.hid.windows.WindowsHIDDevice.read()[B+69
j  edu.cmu.ri.createlab.usb.hid.CreateLabHIDCommandStrategy.execute(Ledu/cmu/ri/createlab/usb/hid/HIDDevice;)Ledu/cmu/ri/createlab/usb/hid/HIDCommandResponse;+138
j  edu.cmu.ri.createlab.usb.hid.CreateLabHIDCommandStrategy.execute(Ljava/lang/Object;)Ledu/cmu/ri/createlab/util/commandexecution/CommandResponse;+5
j  edu.cmu.ri.createlab.usb.hid.HIDCommand.call()Ledu/cmu/ri/createlab/usb/hid/HIDCommandResponse;+8
j  edu.cmu.ri.createlab.usb.hid.HIDCommand.call()Ljava/lang/Object;+1
j  java.util.concurrent.FutureTask.run()V+42
j  java.util.concurrent.ThreadPoolExecutor.runWorker(Ljava/util/concurrent/ThreadPoolExecutor$Worker;)V+95
j  java.util.concurrent.ThreadPoolExecutor$Worker.run()V+5
j  java.lang.Thread.run()V+11
v  ~StubRoutines::call_stub

---------------  P R O C E S S  ---------------

Java Threads: ( => current thread )
  0x157b8400 JavaThread "Thread-0" daemon [_thread_in_native, id=4456, stack(0x167e0000,0x16830000)]
=>0x157b8000 JavaThread "HIDCommandExecutionQueue.executor pool-7-thread-1" daemon [_thread_in_native, id=2288, stack(0x16740000,0x16790000)]
  0x157b7800 JavaThread "FinchController.peerPingScheduler pool-8-thread-1" daemon [_thread_blocked, id=6352, stack(0x165d0000,0x16620000)]
  0x157b7000 JavaThread "BaseCreateLabDeviceConnectivityManager.executorService pool-3-thread-1" daemon [_thread_blocked, id=5444, stack(0x16120000,0x16170000)]
  0x157ac000 JavaThread "DatasetPlotter.executorService pool-6-thread-1" daemon [_thread_blocked, id=13128, stack(0x164c0000,0x16510000)]
  0x157aac00 JavaThread "DatasetPlotter.executorService pool-5-thread-1" daemon [_thread_blocked, id=5880, stack(0x16390000,0x163e0000)]
  0x157aa400 JavaThread "DatasetPlotter.executorService pool-4-thread-1" daemon [_thread_blocked, id=5588, stack(0x162a0000,0x162f0000)]
  0x00a6c400 JavaThread "DestroyJavaVM" [_thread_blocked, id=12708, stack(0x00a70000,0x00ac0000)]
  0x15639000 JavaThread "SimulationThread" [_thread_blocked, id=7640, stack(0x16d20000,0x16d70000)]
  0x155b3000 JavaThread "Image Fetcher 0" daemon [_thread_blocked, id=1664, stack(0x14e60000,0x14eb0000)]
  0x155af800 JavaThread "TimerQueue" daemon [_thread_blocked, id=11692, stack(0x169f0000,0x16a40000)]
  0x15566000 JavaThread "AWT-EventQueue-0" [_thread_blocked, id=10888, stack(0x15a80000,0x15ad0000)]
  0x15562400 JavaThread "AWT-Shutdown" [_thread_blocked, id=11572, stack(0x15490000,0x154e0000)]
  0x14e55400 JavaThread "Java2D Disposer" daemon [_thread_blocked, id=8496, stack(0x15a10000,0x15a60000)]
  0x14ce0400 JavaThread "Service Thread" daemon [_thread_blocked, id=10436, stack(0x15430000,0x15480000)]
  0x14cb8000 JavaThread "C1 CompilerThread0" daemon [_thread_blocked, id=11816, stack(0x15120000,0x15170000)]
  0x14cb7000 JavaThread "Attach Listener" daemon [_thread_blocked, id=12768, stack(0x15280000,0x152d0000)]
  0x14cbd800 JavaThread "Signal Dispatcher" daemon [_thread_blocked, id=5404, stack(0x15200000,0x15250000)]
  0x14ca6c00 JavaThread "Finalizer" daemon [_thread_blocked, id=1392, stack(0x15080000,0x150d0000)]
  0x14c81400 JavaThread "Reference Handler" daemon [_thread_blocked, id=9964, stack(0x14ef0000,0x14f40000)]

Other Threads:
  0x14c7b000 VMThread [stack: 0x047b0000,0x04800000] [id=11500]
  0x14ce2400 WatcherThread [stack: 0x15510000,0x15560000] [id=7868]

VM state:not at safepoint (normal execution)

VM Mutex/Monitor currently owned by a thread: None

Heap:
 def new generation   total 4928K, used 1681K [0x04800000, 0x04d50000, 0x09d50000)
  eden space 4416K,  26% used [0x04800000, 0x049246d0, 0x04c50000)
  from space 512K, 100% used [0x04cd0000, 0x04d50000, 0x04d50000)
  to   space 512K,   0% used [0x04c50000, 0x04c50000, 0x04cd0000)
 tenured generation   total 10944K, used 6041K [0x09d50000, 0x0a800000, 0x14800000)
   the space 10944K,  55% used [0x09d50000, 0x0a3366c0, 0x0a336800, 0x0a800000)
 Metaspace       used 9656K, capacity 9882K, committed 9984K, reserved 10624K

Card table byte_map: [0x00ac0000,0x00b50000] byte_map_base: 0x00a9c000

Polling page: 0x00170000

CodeCache: size=32768Kb used=1211Kb max_used=1211Kb free=31556Kb
 bounds [0x02790000, 0x028c0000, 0x04790000]
 total_blobs=640 nmethods=406 adapters=165
 compilation: enabled

Compilation events (10 events):
Event: 3.886 Thread 0x14cb8000  402             greenfoot.ActorSet::access$000 (5 bytes)
Event: 3.886 Thread 0x14cb8000 nmethod 402 0x028be348 code [0x028be440, 0x028be4b0]
Event: 3.921 Thread 0x14cb8000  403             java.util.IdentityHashMap::maskNull (12 bytes)
Event: 3.921 Thread 0x14cb8000 nmethod 403 0x028be548 code [0x028be640, 0x028be6c0]
Event: 3.921 Thread 0x14cb8000  404             java.util.IdentityHashMap::hash (18 bytes)
Event: 3.921 Thread 0x14cb8000 nmethod 404 0x028be708 code [0x028be800, 0x028be89c]
Event: 4.031 Thread 0x14cb8000  406             java.util.concurrent.locks.LockSupport::setBlocker (12 bytes)
Event: 4.031 Thread 0x14cb8000 nmethod 406 0x028beb88 code [0x028bec80, 0x028bed00]
Event: 4.093 Thread 0x14cb8000  407             java.util.concurrent.ThreadPoolExecutor::runStateOf (5 bytes)
Event: 4.093 Thread 0x14cb8000 nmethod 407 0x028bed48 code [0x028bee40, 0x028beeb0]

GC Heap History (10 events):
Event: 0.430 GC heap before
{Heap before GC invocations=0 (full 0):
 def new generation   total 4928K, used 4416K [0x04800000, 0x04d50000, 0x09d50000)
  eden space 4416K, 100% used [0x04800000, 0x04c50000, 0x04c50000)
  from space 512K,   0% used [0x04c50000, 0x04c50000, 0x04cd0000)
  to   space 512K,   0% used [0x04cd0000, 0x04cd0000, 0x04d50000)
 tenured generation   total 10944K, used 0K [0x09d50000, 0x0a800000, 0x14800000)
   the space 10944K,   0% used [0x09d50000, 0x09d50000, 0x09d50200, 0x0a800000)
 Metaspace       used 5317K, capacity 5495K, committed 5632K, reserved 6528K
Event: 0.435 GC heap after
Heap after GC invocations=1 (full 0):
 def new generation   total 4928K, used 512K [0x04800000, 0x04d50000, 0x09d50000)
  eden space 4416K,   0% used [0x04800000, 0x04800000, 0x04c50000)
  from space 512K, 100% used [0x04cd0000, 0x04d50000, 0x04d50000)
  to   space 512K,   0% used [0x04c50000, 0x04c50000, 0x04cd0000)
 tenured generation   total 10944K, used 919K [0x09d50000, 0x0a800000, 0x14800000)
   the space 10944K,   8% used [0x09d50000, 0x09e35de0, 0x09e35e00, 0x0a800000)
 Metaspace       used 5317K, capacity 5495K, committed 5632K, reserved 6528K
}
Event: 0.624 GC heap before
{Heap before GC invocations=1 (full 0):
 def new generation   total 4928K, used 2131K [0x04800000, 0x04d50000, 0x09d50000)
  eden space 4416K,  36% used [0x04800000, 0x04994c90, 0x04c50000)
  from space 512K, 100% used [0x04cd0000, 0x04d50000, 0x04d50000)
  to   space 512K,   0% used [0x04c50000, 0x04c50000, 0x04cd0000)
 tenured generation   total 10944K, used 919K [0x09d50000, 0x0a800000, 0x14800000)
   the space 10944K,   8% used [0x09d50000, 0x09e35de0, 0x09e35e00, 0x0a800000)
 Metaspace       used 5852K, capacity 6083K, committed 6144K, reserved 6528K
Event: 0.627 GC heap after
Heap after GC invocations=2 (full 0):
 def new generation   total 4928K, used 226K [0x04800000, 0x04d50000, 0x09d50000)
  eden space 4416K,   0% used [0x04800000, 0x04800000, 0x04c50000)
  from space 512K,  44% used [0x04c50000, 0x04c88b88, 0x04cd0000)
  to   space 512K,   0% used [0x04cd0000, 0x04cd0000, 0x04d50000)
 tenured generation   total 10944K, used 1420K [0x09d50000, 0x0a800000, 0x14800000)
   the space 10944K,  12% used [0x09d50000, 0x09eb3328, 0x09eb3400, 0x0a800000)
 Metaspace       used 5852K, capacity 6083K, committed 6144K, reserved 6528K
}
Event: 0.687 GC heap before
{Heap before GC invocations=2 (full 0):
 def new generation   total 4928K, used 3563K [0x04800000, 0x04d50000, 0x09d50000)
  eden space 4416K,  75% used [0x04800000, 0x04b42160, 0x04c50000)
  from space 512K,  44% used [0x04c50000, 0x04c88b88, 0x04cd0000)
  to   space 512K,   0% used [0x04cd0000, 0x04cd0000, 0x04d50000)
 tenured generation   total 10944K, used 1420K [0x09d50000, 0x0a800000, 0x14800000)
   the space 10944K,  12% used [0x09d50000, 0x09eb3328, 0x09eb3400, 0x0a800000)
 Metaspace       used 6471K, capacity 6716K, committed 6784K, reserved 7552K
Event: 0.689 GC heap after
Heap after GC invocations=3 (full 0):
 def new generation   total 4928K, used 416K [0x04800000, 0x04d50000, 0x09d50000)
  eden space 4416K,   0% used [0x04800000, 0x04800000, 0x04c50000)
  from space 512K,  81% used [0x04cd0000, 0x04d380e0, 0x04d50000)
  to   space 512K,   0% used [0x04c50000, 0x04c50000, 0x04cd0000)
 tenured generation   total 10944K, used 1833K [0x09d50000, 0x0a800000, 0x14800000)
   the space 10944K,  16% used [0x09d50000, 0x09f1a670, 0x09f1a800, 0x0a800000)
 Metaspace       used 6471K, capacity 6716K, committed 6784K, reserved 7552K
}
Event: 2.459 GC heap before
{Heap before GC invocations=3 (full 0):
 def new generation   total 4928K, used 4832K [0x04800000, 0x04d50000, 0x09d50000)
  eden space 4416K, 100% used [0x04800000, 0x04c50000, 0x04c50000)
  from space 512K,  81% used [0x04cd0000, 0x04d380e0, 0x04d50000)
  to   space 512K,   0% used [0x04c50000, 0x04c50000, 0x04cd0000)
 tenured generation   total 10944K, used 1833K [0x09d50000, 0x0a800000, 0x14800000)
   the space 10944K,  16% used [0x09d50000, 0x09f1a670, 0x09f1a800, 0x0a800000)
 Metaspace       used 7698K, capacity 7928K, committed 8064K, reserved 8576K
Event: 2.469 GC heap after
Heap after GC invocations=4 (full 0):
 def new generation   total 4928K, used 328K [0x04800000, 0x04d50000, 0x09d50000)
  eden space 4416K,   0% used [0x04800000, 0x04800000, 0x04c50000)
  from space 512K,  64% used [0x04c50000, 0x04ca2298, 0x04cd0000)
  to   space 512K,   0% used [0x04cd0000, 0x04cd0000, 0x04d50000)
 tenured generation   total 10944K, used 5069K [0x09d50000, 0x0a800000, 0x14800000)
   the space 10944K,  46% used [0x09d50000, 0x0a243480, 0x0a243600, 0x0a800000)
 Metaspace       used 7698K, capacity 7928K, committed 8064K, reserved 8576K
}
Event: 2.945 GC heap before
{Heap before GC invocations=4 (full 0):
 def new generation   total 4928K, used 4743K [0x04800000, 0x04d50000, 0x09d50000)
  eden space 4416K,  99% used [0x04800000, 0x04c4fc38, 0x04c50000)
  from space 512K,  64% used [0x04c50000, 0x04ca2298, 0x04cd0000)
  to   space 512K,   0% used [0x04cd0000, 0x04cd0000, 0x04d50000)
 tenured generation   total 10944K, used 5069K [0x09d50000, 0x0a800000, 0x14800000)
   the space 10944K,  46% used [0x09d50000, 0x0a243480, 0x0a243600, 0x0a800000)
 Metaspace       used 9573K, capacity 9816K, committed 9984K, reserved 10624K
Event: 2.954 GC heap after
Heap after GC invocations=5 (full 0):
 def new generation   total 4928K, used 512K [0x04800000, 0x04d50000, 0x09d50000)
  eden space 4416K,   0% used [0x04800000, 0x04800000, 0x04c50000)
  from space 512K, 100% used [0x04cd0000, 0x04d50000, 0x04d50000)
  to   space 512K,   0% used [0x04c50000, 0x04c50000, 0x04cd0000)
 tenured generation   total 10944K, used 6041K [0x09d50000, 0x0a800000, 0x14800000)
   the space 10944K,  55% used [0x09d50000, 0x0a3366c0, 0x0a336800, 0x0a800000)
 Metaspace       used 9573K, capacity 9816K, committed 9984K, reserved 10624K
}

Deoptimization events (0 events):
No events

Internal exceptions (10 events):
Event: 2.538 Thread 0x15639000 Exception <a 'java/lang/ClassNotFoundException': org/apache/log4j/WriterAppenderCustomizer> (0x0491a4d0) thrown at [C:\workspace\8-2-build-windows-i586-cygwin\jdk8u151\9699\hotspot\src\share\vm\classfile\systemDictionary.cpp, line 210]
Event: 2.538 Thread 0x15639000 Exception <a 'java/lang/ClassNotFoundException': org/apache/log4j/FileAppenderCustomizer> (0x04928278) thrown at [C:\workspace\8-2-build-windows-i586-cygwin\jdk8u151\9699\hotspot\src\share\vm\classfile\systemDictionary.cpp, line 210]
Event: 2.544 Thread 0x15639000 Exception <a 'java/lang/ClassNotFoundException': org/apache/log4j/PatternLayoutBeanInfo> (0x04968598) thrown at [C:\workspace\8-2-build-windows-i586-cygwin\jdk8u151\9699\hotspot\src\share\vm\classfile\systemDictionary.cpp, line 210]
Event: 2.544 Thread 0x15639000 Exception <a 'java/lang/ClassNotFoundException': org/apache/log4j/LayoutBeanInfo> (0x0496a260) thrown at [C:\workspace\8-2-build-windows-i586-cygwin\jdk8u151\9699\hotspot\src\share\vm\classfile\systemDictionary.cpp, line 210]
Event: 2.544 Thread 0x15639000 Exception <a 'java/lang/ClassNotFoundException': org/apache/log4j/LayoutCustomizer> (0x0496c0c0) thrown at [C:\workspace\8-2-build-windows-i586-cygwin\jdk8u151\9699\hotspot\src\share\vm\classfile\systemDictionary.cpp, line 210]
Event: 2.545 Thread 0x15639000 Exception <a 'java/lang/ClassNotFoundException': org/apache/log4j/PatternLayoutCustomizer> (0x04972570) thrown at [C:\workspace\8-2-build-windows-i586-cygwin\jdk8u151\9699\hotspot\src\share\vm\classfile\systemDictionary.cpp, line 210]
Event: 2.921 Thread 0x15639000 Exception <a 'java/io/IOException'> (0x04be6ab8) thrown at [C:\workspace\8-2-build-windows-i586-cygwin\jdk8u151\9699\hotspot\src\share\vm\prims\jni.cpp, line 709]
Event: 2.989 Thread 0x15639000 Exception <a 'java/io/IOException'> (0x04826a60) thrown at [C:\workspace\8-2-build-windows-i586-cygwin\jdk8u151\9699\hotspot\src\share\vm\prims\jni.cpp, line 709]
Event: 2.989 Thread 0x15639000 Exception <a 'java/io/IOException'> (0x04826cd8) thrown at [C:\workspace\8-2-build-windows-i586-cygwin\jdk8u151\9699\hotspot\src\share\vm\prims\jni.cpp, line 709]
Event: 2.989 Thread 0x15639000 Exception <a 'java/io/IOException'> (0x04826f20) thrown at [C:\workspace\8-2-build-windows-i586-cygwin\jdk8u151\9699\hotspot\src\share\vm\prims\jni.cpp, line 709]

Events (10 events):
Event: 4.129 loading class java/util/WeakHashMap$HashIterator
Event: 4.129 loading class java/util/WeakHashMap$HashIterator done
Event: 4.129 loading class java/util/WeakHashMap$KeyIterator done
Event: 4.129 Thread 0x157b9800 Thread added: 0x157b9800
Event: 4.129 Thread 0x157b8c00 Thread exited: 0x157b8c00
Event: 4.129 Thread 0x157b9800 Thread exited: 0x157b9800
Event: 4.131 Thread 0x157b9000 Thread exited: 0x157b9000
Event: 4.134 Executing VM operation: EnableBiasedLocking
Event: 4.135 Executing VM operation: EnableBiasedLocking done
Event: 4.135 Thread 0x15562c00 Thread exited: 0x15562c00


Dynamic libraries:
0x00b80000 - 0x00bb3000 	C:\Program Files (x86)\Java\jre1.8.0_151\bin\javaw.exe
0x778e0000 - 0x77a60000 	C:\Windows\SysWOW64\ntdll.dll
0x773a0000 - 0x774b0000 	C:\Windows\syswow64\kernel32.dll
0x76c00000 - 0x76c47000 	C:\Windows\syswow64\KERNELBASE.dll
0x76ee0000 - 0x76f81000 	C:\Windows\syswow64\ADVAPI32.dll
0x75670000 - 0x7571c000 	C:\Windows\syswow64\msvcrt.dll
0x751f0000 - 0x75209000 	C:\Windows\SysWOW64\sechost.dll
0x75d20000 - 0x75e10000 	C:\Windows\syswow64\RPCRT4.dll
0x75180000 - 0x751e0000 	C:\Windows\syswow64\SspiCli.dll
0x75170000 - 0x7517c000 	C:\Windows\syswow64\CRYPTBASE.dll
0x76ae0000 - 0x76be0000 	C:\Windows\syswow64\USER32.dll
0x755e0000 - 0x75670000 	C:\Windows\syswow64\GDI32.dll
0x75ca0000 - 0x75caa000 	C:\Windows\syswow64\LPK.dll
0x75390000 - 0x7542d000 	C:\Windows\syswow64\USP10.dll
0x6a790000 - 0x6a92e000 	C:\Windows\WinSxS\x86_microsoft.windows.common-controls_6595b64144ccf1df_6.0.7601.18837_none_41e855142bd5705d\COMCTL32.dll
0x75c30000 - 0x75c87000 	C:\Windows\syswow64\SHLWAPI.dll
0x75730000 - 0x75790000 	C:\Windows\system32\IMM32.DLL
0x77290000 - 0x7735d000 	C:\Windows\syswow64\MSCTF.dll
0x5b8b0000 - 0x5b96f000 	C:\Program Files (x86)\Java\jre1.8.0_151\bin\msvcr100.dll
0x6c3f0000 - 0x6c7be000 	C:\Program Files (x86)\Java\jre1.8.0_151\bin\client\jvm.dll
0x71910000 - 0x71917000 	C:\Windows\system32\WSOCK32.dll
0x75cd0000 - 0x75d05000 	C:\Windows\syswow64\WS2_32.dll
0x770c0000 - 0x770c6000 	C:\Windows\syswow64\NSI.dll
0x74950000 - 0x74982000 	C:\Windows\system32\WINMM.dll
0x74410000 - 0x74419000 	C:\Windows\system32\VERSION.dll
0x77020000 - 0x77025000 	C:\Windows\syswow64\PSAPI.DLL
0x6b480000 - 0x6b48c000 	C:\Program Files (x86)\Java\jre1.8.0_151\bin\verify.dll
0x6b310000 - 0x6b331000 	C:\Program Files (x86)\Java\jre1.8.0_151\bin\java.dll
0x6b350000 - 0x6b364000 	C:\Program Files (x86)\Java\jre1.8.0_151\bin\zip.dll
0x75e90000 - 0x76adc000 	C:\Windows\syswow64\SHELL32.dll
0x770d0000 - 0x7722d000 	C:\Windows\syswow64\ole32.dll
0x755d0000 - 0x755db000 	C:\Windows\syswow64\profapi.dll
0x6c100000 - 0x6c245000 	C:\Program Files (x86)\Java\jre1.8.0_151\bin\awt.dll
0x758e0000 - 0x75971000 	C:\Windows\syswow64\OLEAUT32.dll
0x748d0000 - 0x74950000 	C:\Windows\system32\uxtheme.dll
0x748b0000 - 0x748c3000 	C:\Windows\system32\dwmapi.dll
0x19690000 - 0x19758000 	C:\Windows\system32\opengl32.dll
0x5b880000 - 0x5b8a2000 	C:\Windows\system32\GLU32.dll
0x706a0000 - 0x70787000 	C:\Windows\system32\DDRAW.dll
0x6b490000 - 0x6b496000 	C:\Windows\system32\DCIMAN32.dll
0x75430000 - 0x755cd000 	C:\Windows\syswow64\SETUPAPI.dll
0x77370000 - 0x77397000 	C:\Windows\syswow64\CFGMGR32.dll
0x75cb0000 - 0x75cc2000 	C:\Windows\syswow64\DEVOBJ.dll
0x72590000 - 0x725a7000 	C:\Windows\system32\CRYPTSP.dll
0x72550000 - 0x7258b000 	C:\Windows\system32\rsaenh.dll
0x75790000 - 0x757a7000 	C:\Windows\syswow64\USERENV.dll
0x5b860000 - 0x5b876000 	C:\Program Files (x86)\Java\jre1.8.0_151\bin\net.dll
0x73a00000 - 0x73a3c000 	C:\Windows\system32\mswsock.dll
0x739e0000 - 0x739e6000 	C:\Windows\System32\wship6.dll
0x74330000 - 0x7434c000 	C:\Windows\system32\IPHLPAPI.DLL
0x74320000 - 0x74327000 	C:\Windows\system32\WINNSI.DLL
0x739d0000 - 0x739dd000 	C:\Windows\system32\dhcpcsvc6.DLL
0x739b0000 - 0x739c2000 	C:\Windows\system32\dhcpcsvc.DLL
0x6b470000 - 0x6b47f000 	C:\Program Files (x86)\Java\jre1.8.0_151\bin\nio.dll
0x5b780000 - 0x5b7b9000 	C:\Program Files (x86)\Java\jre1.8.0_151\bin\fontmanager.dll
0x77e80000 - 0x77eb2000 	C:\Program Files (x86)\Java\jre1.8.0_151\bin\t2k.dll
0x77030000 - 0x770b3000 	C:\Windows\syswow64\CLBCatQ.DLL
0x77ec0000 - 0x77ff1000 	C:\Windows\system32\WindowsCodecs.dll
0x64380000 - 0x643cc000 	C:\Windows\system32\apphelp.dll
0x153e0000 - 0x15427000 	C:\Program Files (x86)\Dropbox\Client\DropboxExt.19.0.dll
0x6a5e0000 - 0x6a6d5000 	C:\Windows\system32\propsys.dll
0x6b5a0000 - 0x6b5c1000 	C:\Windows\system32\ntmarta.dll
0x76e90000 - 0x76ed5000 	C:\Windows\syswow64\WLDAP32.dll
0x40590000 - 0x405a6000 	C:\Windows\SysWOW64\thumbcache.dll
0x17000000 - 0x17052000 	C:\Windows\SysWOW64\PhotoMetadataHandler.dll
0x17e60000 - 0x17fd3000 	C:\PROGRA~2\MICROS~2\Office16\GROOVEEX.DLL
0x632a0000 - 0x632b5000 	C:\Windows\system32\VCRUNTIME140.dll
0x64c00000 - 0x64c04000 	C:\Windows\system32\api-ms-win-crt-runtime-l1-1-0.dll
0x17fe0000 - 0x180f8000 	C:\Program Files (x86)\Java\jre1.8.0_151\bin\ucrtbase.DLL
0x6b3b0000 - 0x6b3b3000 	C:\Program Files (x86)\Java\jre1.8.0_151\bin\api-ms-win-core-timezone-l1-1-0.dll
0x6b340000 - 0x6b343000 	C:\Program Files (x86)\Java\jre1.8.0_151\bin\api-ms-win-core-file-l2-1-0.dll
0x5b850000 - 0x5b853000 	C:\Program Files (x86)\Java\jre1.8.0_151\bin\api-ms-win-core-localization-l1-2-0.dll
0x5b840000 - 0x5b843000 	C:\Program Files (x86)\Java\jre1.8.0_151\bin\api-ms-win-core-synch-l1-2-0.dll
0x5b830000 - 0x5b833000 	C:\Program Files (x86)\Java\jre1.8.0_151\bin\api-ms-win-core-processthreads-l1-1-1.dll
0x02470000 - 0x02473000 	C:\Program Files (x86)\Java\jre1.8.0_151\bin\api-ms-win-core-file-l1-2-0.dll
0x64590000 - 0x64594000 	C:\Windows\system32\api-ms-win-crt-string-l1-1-0.dll
0x64580000 - 0x64583000 	C:\Windows\system32\api-ms-win-crt-heap-l1-1-0.dll
0x64470000 - 0x64474000 	C:\Windows\system32\api-ms-win-crt-stdio-l1-1-0.dll
0x64430000 - 0x64434000 	C:\Windows\system32\api-ms-win-crt-convert-l1-1-0.dll
0x62a10000 - 0x62a7d000 	C:\Windows\system32\MSVCP140.dll
0x63290000 - 0x63293000 	C:\Windows\system32\api-ms-win-crt-locale-l1-1-0.dll
0x64460000 - 0x64465000 	C:\Windows\system32\api-ms-win-crt-math-l1-1-0.dll
0x62a00000 - 0x62a05000 	C:\Windows\system32\api-ms-win-crt-multibyte-l1-1-0.dll
0x629f0000 - 0x629f3000 	C:\Windows\system32\api-ms-win-crt-time-l1-1-0.dll
0x629e0000 - 0x629e3000 	C:\Windows\system32\api-ms-win-crt-filesystem-l1-1-0.dll
0x629d0000 - 0x629d3000 	C:\Windows\system32\api-ms-win-crt-environment-l1-1-0.dll
0x629c0000 - 0x629c3000 	C:\Windows\system32\api-ms-win-crt-utility-l1-1-0.dll
0x689c0000 - 0x68c06000 	C:\Windows\system32\msi.dll
0x18100000 - 0x1897e000 	C:\PROGRA~2\MICROS~2\Office16\1033\GrooveIntlResource.dll
0x3f590000 - 0x3f599000 	C:\Windows\system32\hid.dll
0x75360000 - 0x7538f000 	C:\Windows\syswow64\WINTRUST.dll
0x757b0000 - 0x758d1000 	C:\Windows\syswow64\CRYPT32.dll
0x75720000 - 0x7572c000 	C:\Windows\syswow64\MSASN1.dll
0x6b5d0000 - 0x6b6bb000 	C:\Windows\system32\dbghelp.dll

VM Arguments:
java_command: C:\Users\rcalinjageman\MyDocs\GitHub\cartoon_network\cartoon_network.jar
java_class_path (initial): C:\Users\rcalinjageman\MyDocs\GitHub\cartoon_network\cartoon_network.jar
Launcher Type: SUN_STANDARD

Environment Variables:
PATH=c:\sqlite; C:\Program Files\NCBI\blast-2.4.0+\bin; C:\Program Files\Common Files\Microsoft Shared\Windows Live;C:\Program Files (x86)\Common Files\Microsoft Shared\Windows Live;C:\ProgramData\Oracle\Java\javapath;C:\Program Files (x86)\Intel\iCLS Client\;C:\Program Files\Intel\iCLS Client\;C:\Windows\system32;C:\Windows;C:\Windows\System32\Wbem;C:\Windows\System32\WindowsPowerShell\v1.0\;C:\Program Files\Intel\Intel(R) Management Engine Components\DAL;C:\Program Files\Intel\Intel(R) Management Engine Components\IPT;C:\Program Files (x86)\Intel\Intel(R) Management Engine Components\DAL;C:\Program Files (x86)\Intel\Intel(R) Management Engine Components\IPT;C:\Program Files (x86)\PharosSystems\Core;C:\Program Files (x86)\Windows Live\Shared;C:\Program Files (x86)\X-Rite\Devices\Lib;C:\Strawberry\c\bin;C:\Strawberry\perl\site\bin;C:\Strawberry\perl\bin;C:\Program Files (x86)\QuickTime\QTSystem\;C:\Program Files\NCBI\blast-2.6.0+\bin;c:\sqlite;C:\Program Files\Microsoft SQL Server\120\Tools\Binn\;D:\Documents\MyDocs\Bob_Sync_Files\dist\R_dist\R-3.0.1\bin;C:\Python27
USERNAME=rcalinjageman
OS=Windows_NT
PROCESSOR_IDENTIFIER=Intel64 Family 6 Model 69 Stepping 1, GenuineIntel



---------------  S Y S T E M  ---------------

OS: Windows 7 , 64 bit Build 7601 (6.1.7601.23915)

CPU:total 4 (initial active 4) (2 cores per cpu, 2 threads per core) family 6 model 69 stepping 1, cmov, cx8, fxsr, mmx, sse, sse2, sse3, ssse3, sse4.1, sse4.2, popcnt, avx, avx2, aes, clmul, erms, lzcnt, ht, tsc, tscinvbit, bmi1, bmi2

Memory: 4k page, physical 8314976k(1068340k free), swap 16628092k(8010116k free)

vm_info: Java HotSpot(TM) Client VM (25.151-b12) for windows-x86 JRE (1.8.0_151-b12), built on Sep  5 2017 19:31:49 by "java_re" with MS VC++ 10.0 (VS2010)

time: Thu Feb 22 16:06:47 2018
elapsed time: 4 seconds (0d 0h 0m 4s)

